# JRE version: OpenJDK Runtime Environment (8.0_242-b01) (build 1.8.0_242-release-1644-b01)
# Java VM: OpenJDK 64-Bit Server VM (25.242-b01 mixed mode windows-amd64 compressed oops)
Heap:
 PSYoungGen      total 157184K, used 140208K [0x00000000d5580000, 0x00000000e1780000, 0x0000000100000000)
  eden space 145408K, 88% used [0x00000000d5580000,0x00000000dd393b80,0x00000000de380000)
  from space 11776K, 94% used [0x00000000de380000,0x00000000dee58500,0x00000000def00000)
  to   space 12800K, 0% used [0x00000000e0b00000,0x00000000e0b00000,0x00000000e1780000)
 ParOldGen       total 119296K, used 14243K [0x0000000080000000, 0x0000000087480000, 0x00000000d5580000)
  object space 119296K, 11% used [0x0000000080000000,0x0000000080de8fb8,0x0000000087480000)
 Metaspace       used 51320K, capacity 53304K, committed 53416K, reserved 1095680K
  class space    used 6860K, capacity 7284K, committed 7344K, reserved 1048576K
GC Heap History (10 events):
Event: 10.826 GC heap before
{Heap before GC invocations=7 (full 1):
 PSYoungGen      total 56832K, used 49053K [0x00000000d5580000, 0x00000000dcb80000, 0x0000000100000000)
  eden space 49152K, 99% used [0x00000000d5580000,0x00000000d8567480,0x00000000d8580000)
  from space 7680K, 0% used [0x00000000d8580000,0x00000000d8580000,0x00000000d8d00000)
  to   space 11264K, 0% used [0x00000000dc080000,0x00000000dc080000,0x00000000dcb80000)
 ParOldGen       total 72704K, used 7903K [0x0000000080000000, 0x0000000084700000, 0x00000000d5580000)
  object space 72704K, 10% used [0x0000000080000000,0x00000000807b7e00,0x0000000084700000)
 Metaspace       used 24735K, capacity 25522K, committed 25776K, reserved 1071104K
  class space    used 3515K, capacity 3743K, committed 3760K, reserved 1048576K
Event: 10.835 GC heap after
Heap after GC invocations=7 (full 1):
 PSYoungGen      total 90624K, used 5785K [0x00000000d5580000, 0x00000000dc680000, 0x0000000100000000)
  eden space 84480K, 0% used [0x00000000d5580000,0x00000000d5580000,0x00000000da800000)
  from space 6144K, 94% used [0x00000000dc080000,0x00000000dc6267f8,0x00000000dc680000)
  to   space 11264K, 0% used [0x00000000db080000,0x00000000db080000,0x00000000dbb80000)
 ParOldGen       total 72704K, used 7911K [0x0000000080000000, 0x0000000084700000, 0x00000000d5580000)
  object space 72704K, 10% used [0x0000000080000000,0x00000000807b9e00,0x0000000084700000)
 Metaspace       used 24735K, capacity 25522K, committed 25776K, reserved 1071104K
  class space    used 3515K, capacity 3743K, committed 3760K, reserved 1048576K
}
Event: 12.846 GC heap before
{Heap before GC invocations=8 (full 1):
 PSYoungGen      total 90624K, used 90265K [0x00000000d5580000, 0x00000000dc680000, 0x0000000100000000)
  eden space 84480K, 100% used [0x00000000d5580000,0x00000000da800000,0x00000000da800000)
  from space 6144K, 94% used [0x00000000dc080000,0x00000000dc6267f8,0x00000000dc680000)
  to   space 11264K, 0% used [0x00000000db080000,0x00000000db080000,0x00000000dbb80000)
 ParOldGen       total 72704K, used 7911K [0x0000000080000000, 0x0000000084700000, 0x00000000d5580000)
  object space 72704K, 10% used [0x0000000080000000,0x00000000807b9e00,0x0000000084700000)
 Metaspace       used 33174K, capacity 34250K, committed 34608K, reserved 1079296K
  class space    used 4528K, capacity 4792K, committed 4912K, reserved 1048576K
Event: 12.870 GC heap after
Heap after GC invocations=8 (full 1):
 PSYoungGen      total 104448K, used 11026K [0x00000000d5580000, 0x00000000dfb00000, 0x0000000100000000)
  eden space 93184K, 0% used [0x00000000d5580000,0x00000000d5580000,0x00000000db080000)
  from space 11264K, 97% used [0x00000000db080000,0x00000000dbb44a80,0x00000000dbb80000)
  to   space 12288K, 0% used [0x00000000def00000,0x00000000def00000,0x00000000dfb00000)
 ParOldGen       total 72704K, used 7919K [0x0000000080000000, 0x0000000084700000, 0x00000000d5580000)
  object space 72704K, 10% used [0x0000000080000000,0x00000000807bbe00,0x0000000084700000)
 Metaspace       used 33174K, capacity 34250K, committed 34608K, reserved 1079296K
  class space    used 4528K, capacity 4792K, committed 4912K, reserved 1048576K
}
Event: 13.245 GC heap before
{Heap before GC invocations=9 (full 1):
 PSYoungGen      total 104448K, used 34538K [0x00000000d5580000, 0x00000000dfb00000, 0x0000000100000000)
  eden space 93184K, 25% used [0x00000000d5580000,0x00000000d6c760d0,0x00000000db080000)
  from space 11264K, 97% used [0x00000000db080000,0x00000000dbb44a80,0x00000000dbb80000)
  to   space 12288K, 0% used [0x00000000def00000,0x00000000def00000,0x00000000dfb00000)
 ParOldGen       total 72704K, used 7919K [0x0000000080000000, 0x0000000084700000, 0x00000000d5580000)
  object space 72704K, 10% used [0x0000000080000000,0x00000000807bbe00,0x0000000084700000)
 Metaspace       used 34253K, capacity 35412K, committed 35496K, reserved 1079296K
  class space    used 4705K, capacity 5001K, committed 5040K, reserved 1048576K
Event: 13.256 GC heap after
Heap after GC invocations=9 (full 1):
 PSYoungGen      total 157696K, used 7827K [0x00000000d5580000, 0x00000000e0d80000, 0x0000000100000000)
  eden space 145408K, 0% used [0x00000000d5580000,0x00000000d5580000,0x00000000de380000)
  from space 12288K, 63% used [0x00000000def00000,0x00000000df6a4dd8,0x00000000dfb00000)
  to   space 11776K, 0% used [0x00000000de380000,0x00000000de380000,0x00000000def00000)
 ParOldGen       total 72704K, used 7927K [0x0000000080000000, 0x0000000084700000, 0x00000000d5580000)
  object space 72704K, 10% used [0x0000000080000000,0x00000000807bde00,0x0000000084700000)
 Metaspace       used 34253K, capacity 35412K, committed 35496K, reserved 1079296K
  class space    used 4705K, capacity 5001K, committed 5040K, reserved 1048576K
}
Event: 13.256 GC heap before
{Heap before GC invocations=10 (full 2):
 PSYoungGen      total 157696K, used 7827K [0x00000000d5580000, 0x00000000e0d80000, 0x0000000100000000)
  eden space 145408K, 0% used [0x00000000d5580000,0x00000000d5580000,0x00000000de380000)
  from space 12288K, 63% used [0x00000000def00000,0x00000000df6a4dd8,0x00000000dfb00000)
  to   space 11776K, 0% used [0x00000000de380000,0x00000000de380000,0x00000000def00000)
 ParOldGen       total 72704K, used 7927K [0x0000000080000000, 0x0000000084700000, 0x00000000d5580000)
  object space 72704K, 10% used [0x0000000080000000,0x00000000807bde00,0x0000000084700000)
 Metaspace       used 34253K, capacity 35412K, committed 35496K, reserved 1079296K
  class space    used 4705K, capacity 5001K, committed 5040K, reserved 1048576K
Event: 13.457 GC heap after
Heap after GC invocations=10 (full 2):
 PSYoungGen      total 157696K, used 0K [0x00000000d5580000, 0x00000000e0d80000, 0x0000000100000000)
  eden space 145408K, 0% used [0x00000000d5580000,0x00000000d5580000,0x00000000de380000)
  from space 12288K, 0% used [0x00000000def00000,0x00000000def00000,0x00000000dfb00000)
  to   space 11776K, 0% used [0x00000000de380000,0x00000000de380000,0x00000000def00000)
 ParOldGen       total 119296K, used 14235K [0x0000000080000000, 0x0000000087480000, 0x00000000d5580000)
  object space 119296K, 11% used [0x0000000080000000,0x0000000080de6fb8,0x0000000087480000)
 Metaspace       used 34253K, capacity 35412K, committed 35496K, reserved 1079296K
  class space    used 4705K, capacity 5001K, committed 5040K, reserved 1048576K
}
Event: 16.148 GC heap before
{Heap before GC invocations=11 (full 2):
 PSYoungGen      total 157696K, used 145408K [0x00000000d5580000, 0x00000000e0d80000, 0x0000000100000000)
  eden space 145408K, 100% used [0x00000000d5580000,0x00000000de380000,0x00000000de380000)
  from space 12288K, 0% used [0x00000000def00000,0x00000000def00000,0x00000000dfb00000)
  to   space 11776K, 0% used [0x00000000de380000,0x00000000de380000,0x00000000def00000)
 ParOldGen       total 119296K, used 14235K [0x0000000080000000, 0x0000000087480000, 0x00000000d5580000)
  object space 119296K, 11% used [0x0000000080000000,0x0000000080de6fb8,0x0000000087480000)
 Metaspace       used 39688K, capacity 41352K, committed 41512K, reserved 1085440K
  class space    used 5469K, capacity 5816K, committed 5936K, reserved 1048576K
Event: 16.166 GC heap after
Heap after GC invocations=11 (full 2):
 PSYoungGen      total 157184K, used 11105K [0x00000000d5580000, 0x00000000e1780000, 0x0000000100000000)
  eden space 145408K, 0% used [0x00000000d5580000,0x00000000d5580000,0x00000000de380000)
  from space 11776K, 94% used [0x00000000de380000,0x00000000dee58500,0x00000000def00000)
  to   space 12800K, 0% used [0x00000000e0b00000,0x00000000e0b00000,0x00000000e1780000)
 ParOldGen       total 119296K, used 14243K [0x0000000080000000, 0x0000000087480000, 0x00000000d5580000)
  object space 119296K, 11% used [0x0000000080000000,0x0000000080de8fb8,0x0000000087480000)
 Metaspace       used 39688K, capacity 41352K, committed 41512K, reserved 1085440K
  class space    used 5469K, capacity 5816K, committed 5936K, reserved 1048576K
}

