# JRE version: OpenJDK Runtime Environment (8.0_242-b01) (build 1.8.0_242-release-1644-b01)
# Java VM: OpenJDK 64-Bit Server VM (25.242-b01 mixed mode windows-amd64 compressed oops)
Heap:
 PSYoungGen      total 250368K, used 8563K [0x00000000d5580000, 0x00000000e8700000, 0x0000000100000000)
  eden space 230912K, 3% used [0x00000000d5580000,0x00000000d5ddcd18,0x00000000e3700000)
  from space 19456K, 0% used [0x00000000e3e80000,0x00000000e3e80000,0x00000000e5180000)
  to   space 40960K, 0% used [0x00000000e5f00000,0x00000000e5f00000,0x00000000e8700000)
 ParOldGen       total 183296K, used 62161K [0x0000000080000000, 0x000000008b300000, 0x00000000d5580000)
  object space 183296K, 33% used [0x0000000080000000,0x0000000083cb4480,0x000000008b300000)
 Metaspace       used 94915K, capacity 98724K, committed 100684K, reserved 1136640K
  class space    used 12534K, capacity 13319K, committed 13696K, reserved 1048576K
GC Heap History (10 events):
Event: 2198.966 GC heap before
{Heap before GC invocations=17 (full 3):
 PSYoungGen      total 219648K, used 219629K [0x00000000d5580000, 0x00000000e6580000, 0x0000000100000000)
  eden space 198144K, 100% used [0x00000000d5580000,0x00000000e1700000,0x00000000e1700000)
  from space 21504K, 99% used [0x00000000e1700000,0x00000000e2bfb590,0x00000000e2c00000)
  to   space 26112K, 0% used [0x00000000e4c00000,0x00000000e4c00000,0x00000000e6580000)
 ParOldGen       total 183296K, used 38469K [0x0000000080000000, 0x000000008b300000, 0x00000000d5580000)
  object space 183296K, 20% used [0x0000000080000000,0x0000000082591778,0x000000008b300000)
 Metaspace       used 84063K, capacity 88252K, committed 88408K, reserved 1126400K
  class space    used 11284K, capacity 12139K, committed 12160K, reserved 1048576K
Event: 2199.181 GC heap after
Heap after GC invocations=17 (full 3):
 PSYoungGen      total 245248K, used 26090K [0x00000000d5580000, 0x00000000e7180000, 0x0000000100000000)
  eden space 219136K, 0% used [0x00000000d5580000,0x00000000d5580000,0x00000000e2b80000)
  from space 26112K, 99% used [0x00000000e4c00000,0x00000000e657a990,0x00000000e6580000)
  to   space 33280K, 0% used [0x00000000e2b80000,0x00000000e2b80000,0x00000000e4c00000)
 ParOldGen       total 183296K, used 48593K [0x0000000080000000, 0x000000008b300000, 0x00000000d5580000)
  object space 183296K, 26% used [0x0000000080000000,0x0000000082f747c8,0x000000008b300000)
 Metaspace       used 84063K, capacity 88252K, committed 88408K, reserved 1126400K
  class space    used 11284K, capacity 12139K, committed 12160K, reserved 1048576K
}
Event: 2204.237 GC heap before
{Heap before GC invocations=18 (full 3):
 PSYoungGen      total 245248K, used 245226K [0x00000000d5580000, 0x00000000e7180000, 0x0000000100000000)
  eden space 219136K, 100% used [0x00000000d5580000,0x00000000e2b80000,0x00000000e2b80000)
  from space 26112K, 99% used [0x00000000e4c00000,0x00000000e657a990,0x00000000e6580000)
  to   space 33280K, 0% used [0x00000000e2b80000,0x00000000e2b80000,0x00000000e4c00000)
 ParOldGen       total 183296K, used 48593K [0x0000000080000000, 0x000000008b300000, 0x00000000d5580000)
  object space 183296K, 26% used [0x0000000080000000,0x0000000082f747c8,0x000000008b300000)
 Metaspace       used 89802K, capacity 94216K, committed 94296K, reserved 1130496K
  class space    used 12006K, capacity 12911K, committed 12928K, reserved 1048576K
Event: 2204.305 GC heap after
Heap after GC invocations=18 (full 3):
 PSYoungGen      total 252416K, used 30140K [0x00000000d5580000, 0x00000000e9280000, 0x0000000100000000)
  eden space 219136K, 0% used [0x00000000d5580000,0x00000000d5580000,0x00000000e2b80000)
  from space 33280K, 90% used [0x00000000e2b80000,0x00000000e48ef0a8,0x00000000e4c00000)
  to   space 37376K, 0% used [0x00000000e6e00000,0x00000000e6e00000,0x00000000e9280000)
 ParOldGen       total 183296K, used 55706K [0x0000000080000000, 0x000000008b300000, 0x00000000d5580000)
  object space 183296K, 30% used [0x0000000080000000,0x0000000083666878,0x000000008b300000)
 Metaspace       used 89802K, capacity 94216K, committed 94296K, reserved 1130496K
  class space    used 12006K, capacity 12911K, committed 12928K, reserved 1048576K
}
Event: 2221.225 GC heap before
{Heap before GC invocations=19 (full 3):
 PSYoungGen      total 252416K, used 249276K [0x00000000d5580000, 0x00000000e9280000, 0x0000000100000000)
  eden space 219136K, 100% used [0x00000000d5580000,0x00000000e2b80000,0x00000000e2b80000)
  from space 33280K, 90% used [0x00000000e2b80000,0x00000000e48ef0a8,0x00000000e4c00000)
  to   space 37376K, 0% used [0x00000000e6e00000,0x00000000e6e00000,0x00000000e9280000)
 ParOldGen       total 183296K, used 55706K [0x0000000080000000, 0x000000008b300000, 0x00000000d5580000)
  object space 183296K, 30% used [0x0000000080000000,0x0000000083666878,0x000000008b300000)
 Metaspace       used 92082K, capacity 96636K, committed 96984K, reserved 1132544K
  class space    used 12242K, capacity 13189K, committed 13312K, reserved 1048576K
Event: 2221.274 GC heap after
Heap after GC invocations=19 (full 3):
 PSYoungGen      total 250368K, used 37353K [0x00000000d5580000, 0x00000000e9280000, 0x0000000100000000)
  eden space 212992K, 0% used [0x00000000d5580000,0x00000000d5580000,0x00000000e2580000)
  from space 37376K, 99% used [0x00000000e6e00000,0x00000000e927a5e0,0x00000000e9280000)
  to   space 43008K, 0% used [0x00000000e3e80000,0x00000000e3e80000,0x00000000e6880000)
 ParOldGen       total 183296K, used 55754K [0x0000000080000000, 0x000000008b300000, 0x00000000d5580000)
  object space 183296K, 30% used [0x0000000080000000,0x0000000083672a30,0x000000008b300000)
 Metaspace       used 92082K, capacity 96636K, committed 96984K, reserved 1132544K
  class space    used 12242K, capacity 13189K, committed 13312K, reserved 1048576K
}
Event: 2224.808 GC heap before
{Heap before GC invocations=20 (full 3):
 PSYoungGen      total 250368K, used 67123K [0x00000000d5580000, 0x00000000e9280000, 0x0000000100000000)
  eden space 212992K, 13% used [0x00000000d5580000,0x00000000d7292878,0x00000000e2580000)
  from space 37376K, 99% used [0x00000000e6e00000,0x00000000e927a5e0,0x00000000e9280000)
  to   space 43008K, 0% used [0x00000000e3e80000,0x00000000e3e80000,0x00000000e6880000)
 ParOldGen       total 183296K, used 55754K [0x0000000080000000, 0x000000008b300000, 0x00000000d5580000)
  object space 183296K, 30% used [0x0000000080000000,0x0000000083672a30,0x000000008b300000)
 Metaspace       used 93702K, capacity 98318K, committed 98380K, reserved 1134592K
  class space    used 12477K, capacity 13423K, committed 13440K, reserved 1048576K
Event: 2224.851 GC heap after
Heap after GC invocations=20 (full 3):
 PSYoungGen      total 250368K, used 19104K [0x00000000d5580000, 0x00000000e8700000, 0x0000000100000000)
  eden space 230912K, 0% used [0x00000000d5580000,0x00000000d5580000,0x00000000e3700000)
  from space 19456K, 98% used [0x00000000e3e80000,0x00000000e51280f0,0x00000000e5180000)
  to   space 40960K, 0% used [0x00000000e5f00000,0x00000000e5f00000,0x00000000e8700000)
 ParOldGen       total 183296K, used 73236K [0x0000000080000000, 0x000000008b300000, 0x00000000d5580000)
  object space 183296K, 39% used [0x0000000080000000,0x0000000084785278,0x000000008b300000)
 Metaspace       used 93702K, capacity 98318K, committed 98380K, reserved 1134592K
  class space    used 12477K, capacity 13423K, committed 13440K, reserved 1048576K
}
Event: 2224.851 GC heap before
{Heap before GC invocations=21 (full 4):
 PSYoungGen      total 250368K, used 19104K [0x00000000d5580000, 0x00000000e8700000, 0x0000000100000000)
  eden space 230912K, 0% used [0x00000000d5580000,0x00000000d5580000,0x00000000e3700000)
  from space 19456K, 98% used [0x00000000e3e80000,0x00000000e51280f0,0x00000000e5180000)
  to   space 40960K, 0% used [0x00000000e5f00000,0x00000000e5f00000,0x00000000e8700000)
 ParOldGen       total 183296K, used 73236K [0x0000000080000000, 0x000000008b300000, 0x00000000d5580000)
  object space 183296K, 39% used [0x0000000080000000,0x0000000084785278,0x000000008b300000)
 Metaspace       used 93702K, capacity 98318K, committed 98380K, reserved 1134592K
  class space    used 12477K, capacity 13423K, committed 13440K, reserved 1048576K
Event: 2225.643 GC heap after
Heap after GC invocations=21 (full 4):
 PSYoungGen      total 250368K, used 0K [0x00000000d5580000, 0x00000000e8700000, 0x0000000100000000)
  eden space 230912K, 0% used [0x00000000d5580000,0x00000000d5580000,0x00000000e3700000)
  from space 19456K, 0% used [0x00000000e3e80000,0x00000000e3e80000,0x00000000e5180000)
  to   space 40960K, 0% used [0x00000000e5f00000,0x00000000e5f00000,0x00000000e8700000)
 ParOldGen       total 183296K, used 62161K [0x0000000080000000, 0x000000008b300000, 0x00000000d5580000)
  object space 183296K, 33% used [0x0000000080000000,0x0000000083cb4480,0x000000008b300000)
 Metaspace       used 92726K, capacity 96484K, committed 98380K, reserved 1134592K
  class space    used 12279K, capacity 13063K, committed 13440K, reserved 1048576K
}

