# JRE version: OpenJDK Runtime Environment (8.0_242-b01) (build 1.8.0_242-release-1644-b01)
# Java VM: OpenJDK 64-Bit Server VM (25.242-b01 mixed mode windows-amd64 compressed oops)
Heap:
 PSYoungGen      total 177664K, used 27388K [0x00000000d5580000, 0x00000000e3780000, 0x0000000100000000)
  eden space 159744K, 17% used [0x00000000d5580000,0x00000000d703f290,0x00000000df180000)
  from space 17920K, 0% used [0x00000000df180000,0x00000000df180000,0x00000000e0300000)
  to   space 20480K, 0% used [0x00000000e2380000,0x00000000e2380000,0x00000000e3780000)
 ParOldGen       total 190464K, used 33400K [0x0000000080000000, 0x000000008ba00000, 0x00000000d5580000)
  object space 190464K, 17% used [0x0000000080000000,0x000000008209e190,0x000000008ba00000)
 Metaspace       used 58499K, capacity 60910K, committed 61080K, reserved 1101824K
  class space    used 8086K, capacity 8592K, committed 8624K, reserved 1048576K
GC Heap History (10 events):
Event: 9.620 GC heap before
{Heap before GC invocations=10 (full 2):
 PSYoungGen      total 150016K, used 7971K [0x00000000d5580000, 0x00000000e0b00000, 0x0000000100000000)
  eden space 137728K, 0% used [0x00000000d5580000,0x00000000d5580000,0x00000000ddc00000)
  from space 12288K, 64% used [0x00000000de800000,0x00000000defc8ea8,0x00000000df400000)
  to   space 12288K, 0% used [0x00000000ddc00000,0x00000000ddc00000,0x00000000de800000)
 ParOldGen       total 74752K, used 7926K [0x0000000080000000, 0x0000000084900000, 0x00000000d5580000)
  object space 74752K, 10% used [0x0000000080000000,0x00000000807bdb90,0x0000000084900000)
 Metaspace       used 34244K, capacity 35412K, committed 35496K, reserved 1079296K
  class space    used 4713K, capacity 5001K, committed 5040K, reserved 1048576K
Event: 9.764 GC heap after
Heap after GC invocations=10 (full 2):
 PSYoungGen      total 150016K, used 0K [0x00000000d5580000, 0x00000000e0b00000, 0x0000000100000000)
  eden space 137728K, 0% used [0x00000000d5580000,0x00000000d5580000,0x00000000ddc00000)
  from space 12288K, 0% used [0x00000000de800000,0x00000000de800000,0x00000000df400000)
  to   space 12288K, 0% used [0x00000000ddc00000,0x00000000ddc00000,0x00000000de800000)
 ParOldGen       total 121856K, used 14285K [0x0000000080000000, 0x0000000087700000, 0x00000000d5580000)
  object space 121856K, 11% used [0x0000000080000000,0x0000000080df3798,0x0000000087700000)
 Metaspace       used 34244K, capacity 35412K, committed 35496K, reserved 1079296K
  class space    used 4713K, capacity 5001K, committed 5040K, reserved 1048576K
}
Event: 11.940 GC heap before
{Heap before GC invocations=11 (full 2):
 PSYoungGen      total 150016K, used 137728K [0x00000000d5580000, 0x00000000e0b00000, 0x0000000100000000)
  eden space 137728K, 100% used [0x00000000d5580000,0x00000000ddc00000,0x00000000ddc00000)
  from space 12288K, 0% used [0x00000000de800000,0x00000000de800000,0x00000000df400000)
  to   space 12288K, 0% used [0x00000000ddc00000,0x00000000ddc00000,0x00000000de800000)
 ParOldGen       total 121856K, used 14285K [0x0000000080000000, 0x0000000087700000, 0x00000000d5580000)
  object space 121856K, 11% used [0x0000000080000000,0x0000000080df3798,0x0000000087700000)
 Metaspace       used 39293K, capacity 41112K, committed 41384K, reserved 1085440K
  class space    used 5424K, capacity 5792K, committed 5808K, reserved 1048576K
Event: 11.953 GC heap after
Heap after GC invocations=11 (full 2):
 PSYoungGen      total 150016K, used 10577K [0x00000000d5580000, 0x00000000e0f80000, 0x0000000100000000)
  eden space 137728K, 0% used [0x00000000d5580000,0x00000000d5580000,0x00000000ddc00000)
  from space 12288K, 86% used [0x00000000ddc00000,0x00000000de6544a0,0x00000000de800000)
  to   space 12800K, 0% used [0x00000000e0300000,0x00000000e0300000,0x00000000e0f80000)
 ParOldGen       total 121856K, used 14293K [0x0000000080000000, 0x0000000087700000, 0x00000000d5580000)
  object space 121856K, 11% used [0x0000000080000000,0x0000000080df5798,0x0000000087700000)
 Metaspace       used 39293K, capacity 41112K, committed 41384K, reserved 1085440K
  class space    used 5424K, capacity 5792K, committed 5808K, reserved 1048576K
}
Event: 14.545 GC heap before
{Heap before GC invocations=12 (full 2):
 PSYoungGen      total 150016K, used 148305K [0x00000000d5580000, 0x00000000e0f80000, 0x0000000100000000)
  eden space 137728K, 100% used [0x00000000d5580000,0x00000000ddc00000,0x00000000ddc00000)
  from space 12288K, 86% used [0x00000000ddc00000,0x00000000de6544a0,0x00000000de800000)
  to   space 12800K, 0% used [0x00000000e0300000,0x00000000e0300000,0x00000000e0f80000)
 ParOldGen       total 121856K, used 14293K [0x0000000080000000, 0x0000000087700000, 0x00000000d5580000)
  object space 121856K, 11% used [0x0000000080000000,0x0000000080df5798,0x0000000087700000)
 Metaspace       used 51742K, capacity 53748K, committed 54056K, reserved 1095680K
  class space    used 6933K, capacity 7358K, committed 7472K, reserved 1048576K
Event: 14.573 GC heap after
Heap after GC invocations=12 (full 2):
 PSYoungGen      total 172544K, used 12772K [0x00000000d5580000, 0x00000000e1880000, 0x0000000100000000)
  eden space 159744K, 0% used [0x00000000d5580000,0x00000000d5580000,0x00000000df180000)
  from space 12800K, 99% used [0x00000000e0300000,0x00000000e0f79310,0x00000000e0f80000)
  to   space 17920K, 0% used [0x00000000df180000,0x00000000df180000,0x00000000e0300000)
 ParOldGen       total 121856K, used 24900K [0x0000000080000000, 0x0000000087700000, 0x00000000d5580000)
  object space 121856K, 20% used [0x0000000080000000,0x0000000081851180,0x0000000087700000)
 Metaspace       used 51742K, capacity 53748K, committed 54056K, reserved 1095680K
  class space    used 6933K, capacity 7358K, committed 7472K, reserved 1048576K
}
Event: 15.920 GC heap before
{Heap before GC invocations=13 (full 2):
 PSYoungGen      total 172544K, used 67004K [0x00000000d5580000, 0x00000000e1880000, 0x0000000100000000)
  eden space 159744K, 33% used [0x00000000d5580000,0x00000000d8a75e80,0x00000000df180000)
  from space 12800K, 99% used [0x00000000e0300000,0x00000000e0f79310,0x00000000e0f80000)
  to   space 17920K, 0% used [0x00000000df180000,0x00000000df180000,0x00000000e0300000)
 ParOldGen       total 121856K, used 24900K [0x0000000080000000, 0x0000000087700000, 0x00000000d5580000)
  object space 121856K, 20% used [0x0000000080000000,0x0000000081851180,0x0000000087700000)
 Metaspace       used 56509K, capacity 58910K, committed 59160K, reserved 1099776K
  class space    used 7738K, capacity 8216K, committed 8240K, reserved 1048576K
Event: 15.941 GC heap after
Heap after GC invocations=13 (full 2):
 PSYoungGen      total 177664K, used 17897K [0x00000000d5580000, 0x00000000e3780000, 0x0000000100000000)
  eden space 159744K, 0% used [0x00000000d5580000,0x00000000d5580000,0x00000000df180000)
  from space 17920K, 99% used [0x00000000df180000,0x00000000e02fa4f0,0x00000000e0300000)
  to   space 20480K, 0% used [0x00000000e2380000,0x00000000e2380000,0x00000000e3780000)
 ParOldGen       total 121856K, used 25841K [0x0000000080000000, 0x0000000087700000, 0x00000000d5580000)
  object space 121856K, 21% used [0x0000000080000000,0x000000008193c780,0x0000000087700000)
 Metaspace       used 56509K, capacity 58910K, committed 59160K, reserved 1099776K
  class space    used 7738K, capacity 8216K, committed 8240K, reserved 1048576K
}
Event: 15.941 GC heap before
{Heap before GC invocations=14 (full 3):
 PSYoungGen      total 177664K, used 17897K [0x00000000d5580000, 0x00000000e3780000, 0x0000000100000000)
  eden space 159744K, 0% used [0x00000000d5580000,0x00000000d5580000,0x00000000df180000)
  from space 17920K, 99% used [0x00000000df180000,0x00000000e02fa4f0,0x00000000e0300000)
  to   space 20480K, 0% used [0x00000000e2380000,0x00000000e2380000,0x00000000e3780000)
 ParOldGen       total 121856K, used 25841K [0x0000000080000000, 0x0000000087700000, 0x00000000d5580000)
  object space 121856K, 21% used [0x0000000080000000,0x000000008193c780,0x0000000087700000)
 Metaspace       used 56509K, capacity 58910K, committed 59160K, reserved 1099776K
  class space    used 7738K, capacity 8216K, committed 8240K, reserved 1048576K
Event: 16.297 GC heap after
Heap after GC invocations=14 (full 3):
 PSYoungGen      total 177664K, used 0K [0x00000000d5580000, 0x00000000e3780000, 0x0000000100000000)
  eden space 159744K, 0% used [0x00000000d5580000,0x00000000d5580000,0x00000000df180000)
  from space 17920K, 0% used [0x00000000df180000,0x00000000df180000,0x00000000e0300000)
  to   space 20480K, 0% used [0x00000000e2380000,0x00000000e2380000,0x00000000e3780000)
 ParOldGen       total 190464K, used 33400K [0x0000000080000000, 0x000000008ba00000, 0x00000000d5580000)
  object space 190464K, 17% used [0x0000000080000000,0x000000008209e190,0x000000008ba00000)
 Metaspace       used 56468K, capacity 58772K, committed 59160K, reserved 1099776K
  class space    used 7725K, capacity 8193K, committed 8240K, reserved 1048576K
}

